0 verbose cli /data/data/com.termux/files/usr/bin/node /data/data/com.termux/files/usr/lib/node_modules/npm/bin/npm-cli.js
1 info using npm@11.12.1
2 info using node@v25.8.2
3 silly config load:file:/data/data/com.termux/files/usr/lib/node_modules/npm/npmrc
4 silly config load:file:/data/data/com.termux/files/home/padi-maritime-logistics/.npmrc
5 silly config load:file:/data/data/com.termux/files/home/.npmrc
6 silly config load:file:/data/data/com.termux/files/usr/etc/npmrc
7 verbose title npm exec playwright install chromium
8 verbose argv "exec" "--" "playwright" "install" "chromium"
9 verbose logfile logs-max:10 dir:/data/data/com.termux/files/home/.npm/_logs/2026-04-19T18_36_40_107Z-
10 verbose logfile /data/data/com.termux/files/home/.npm/_logs/2026-04-19T18_36_40_107Z-debug-0.log
11 silly logfile done cleaning log files
12 silly packumentCache heap:1174405120 maxSize:293601280 maxEntrySize:146800640
13 http fetch GET 200 https://registry.npmjs.org/npm 2455ms
14 http fetch GET 200 https://registry.npmjs.org/playwright 7745ms (cache miss)
15 silly packumentCache heap:1174405120 maxSize:293601280 maxEntrySize:146800640
16 silly packumentCache heap:1174405120 maxSize:293601280 maxEntrySize:146800640
17 silly idealTree buildDeps
18 silly fetch manifest playwright@1.59.1
19 silly packumentCache full:https://registry.npmjs.org/playwright cache-miss
20 http fetch GET 200 https://registry.npmjs.org/playwright 9711ms (cache miss)
21 silly packumentCache full:https://registry.npmjs.org/playwright set size:undefined disposed:false
22 silly placeDep ROOT playwright@1.59.1 OK for:  want: 1.59.1
23 silly fetch manifest playwright-core@1.59.1
24 silly packumentCache full:https://registry.npmjs.org/playwright-core cache-miss
25 silly fetch manifest fsevents@2.3.2
26 silly packumentCache full:https://registry.npmjs.org/fsevents cache-miss
27 http fetch GET 200 https://registry.npmjs.org/fsevents 468ms (cache miss)
28 silly packumentCache full:https://registry.npmjs.org/fsevents set size:undefined disposed:false
29 http fetch GET 200 https://registry.npmjs.org/playwright-core 5105ms (cache miss)
30 silly packumentCache full:https://registry.npmjs.org/playwright-core set size:undefined disposed:false
31 silly placeDep ROOT fsevents@2.3.2 OK for: playwright@1.59.1 want: 2.3.2
32 silly placeDep ROOT playwright-core@1.59.1 OK for: playwright@1.59.1 want: 1.59.1
33 silly reify moves {}
34 silly audit bulk request {
34 silly audit   playwright: [ '1.59.1' ],
34 silly audit   fsevents: [ '2.3.2' ],
34 silly audit   'playwright-core': [ '1.59.1' ]
34 silly audit }
35 http cache playwright-core@https://registry.npmjs.org/playwright-core/-/playwright-core-1.59.1.tgz 1ms (cache hit)
36 http cache playwright@https://registry.npmjs.org/playwright/-/playwright-1.59.1.tgz 0ms (cache hit)
37 silly tarball no local data for playwright-core@https://registry.npmjs.org/playwright-core/-/playwright-core-1.59.1.tgz. Extracting by manifest.
38 silly tarball no local data for playwright@https://registry.npmjs.org/playwright/-/playwright-1.59.1.tgz. Extracting by manifest.
39 http fetch POST 200 https://registry.npmjs.org/-/npm/v1/security/advisories/bulk 571ms
40 silly audit report {}
41 http fetch GET 200 https://registry.npmjs.org/playwright-core/-/playwright-core-1.59.1.tgz 5296ms (cache miss)
42 http fetch GET 200 https://registry.npmjs.org/playwright/-/playwright-1.59.1.tgz 6887ms (cache miss)
43 verbose cwd /data/data/com.termux/files/home/padi-maritime-logistics
44 verbose os Linux 6.6.89-android15-8-g5a0ffb447c1d-ab13771415-4k
45 verbose node v25.8.2
46 verbose npm  v11.12.1
47 verbose exit 1
48 verbose code 1
