0 verbose cli /data/data/com.termux/files/usr/bin/node /data/data/com.termux/files/usr/lib/node_modules/npm/bin/npm-cli.js
1 info using npm@11.12.1
2 info using node@v25.8.2
3 silly config load:file:/data/data/com.termux/files/usr/lib/node_modules/npm/npmrc
4 silly config load:file:/data/data/com.termux/files/home/padi-maritime-logistics/.npmrc
5 silly config load:file:/data/data/com.termux/files/home/.npmrc
6 silly config load:file:/data/data/com.termux/files/usr/etc/npmrc
7 verbose title npm exec playwright test --project chromium --headed=false
8 verbose argv "exec" "--" "playwright" "test" "--project" "chromium" "--headed=false"
9 verbose logfile logs-max:10 dir:/data/data/com.termux/files/home/.npm/_logs/2026-04-19T18_37_22_339Z-
10 verbose logfile /data/data/com.termux/files/home/.npm/_logs/2026-04-19T18_37_22_339Z-debug-0.log
11 silly logfile done cleaning log files
12 silly packumentCache heap:1174405120 maxSize:293601280 maxEntrySize:146800640
13 http fetch GET 200 https://registry.npmjs.org/playwright 944ms (cache revalidated)
14 silly packumentCache heap:1174405120 maxSize:293601280 maxEntrySize:146800640
15 silly packumentCache heap:1174405120 maxSize:293601280 maxEntrySize:146800640
16 verbose cwd /data/data/com.termux/files/home/padi-maritime-logistics
17 verbose os Linux 6.6.89-android15-8-g5a0ffb447c1d-ab13771415-4k
18 verbose node v25.8.2
19 verbose npm  v11.12.1
20 verbose exit 1
21 verbose code 1
